<?xml version="1.0" encoding="UTF-8"?>
<testsuite name="gex.example.HelloResourceSpec" tests="3" skipped="0" failures="0" errors="0" timestamp="2015-03-04T17:21:34" hostname="GEX-DT-anallely.local" time="16.651">
  <properties/>
  <testcase name="We can login" classname="gex.example.HelloResourceSpec" time="15.993"/>
  <testcase name="We can not login with invalid username or password" classname="gex.example.HelloResourceSpec" time="0.152"/>
  <testcase name="We can login with username" classname="gex.example.HelloResourceSpec" time="0.505"/>
  <system-out><![CDATA[11:21:33.966 [Test worker] DEBUG o.s.t.annotation.ProfileValueUtils - Retrieved @ProfileValueSourceConfiguration [null] for test class [gex.example.HelloResourceSpec]
11:21:33.971 [Test worker] DEBUG o.s.t.annotation.ProfileValueUtils - Retrieved ProfileValueSource type [class org.springframework.test.annotation.SystemProfileValueSource] for class [gex.example.HelloResourceSpec]
11:21:33.971 [Test worker] DEBUG o.s.t.annotation.ProfileValueUtils - Retrieved @ProfileValueSourceConfiguration [null] for test class [gex.example.HelloResourceSpec]
11:21:33.972 [Test worker] DEBUG o.s.t.annotation.ProfileValueUtils - Retrieved ProfileValueSource type [class org.springframework.test.annotation.SystemProfileValueSource] for class [gex.example.HelloResourceSpec]
11:21:33.976 [Test worker] DEBUG o.s.t.annotation.ProfileValueUtils - Retrieved @ProfileValueSourceConfiguration [null] for test class [gex.example.HelloResourceSpec]
11:21:33.976 [Test worker] DEBUG o.s.t.annotation.ProfileValueUtils - Retrieved ProfileValueSource type [class org.springframework.test.annotation.SystemProfileValueSource] for class [gex.example.HelloResourceSpec]
11:21:33.977 [Test worker] DEBUG o.s.t.annotation.ProfileValueUtils - Retrieved @ProfileValueSourceConfiguration [null] for test class [gex.example.HelloResourceSpec]
11:21:33.977 [Test worker] DEBUG o.s.t.annotation.ProfileValueUtils - Retrieved ProfileValueSource type [class org.springframework.test.annotation.SystemProfileValueSource] for class [gex.example.HelloResourceSpec]
11:21:33.981 [Test worker] DEBUG o.s.test.context.BootstrapUtils - Instantiating TestContextBootstrapper from class [org.springframework.test.context.web.WebTestContextBootstrapper]
11:21:34.005 [Test worker] DEBUG o.s.t.c.w.WebTestContextBootstrapper - Found explicit ContextLoader class [org.springframework.boot.test.SpringApplicationContextLoader] for context configuration attributes [ContextConfigurationAttributes@31d62df6 declaringClass = 'gex.example.HelloResourceSpec', classes = '{class gex.example.Application}', locations = '{}', inheritLocations = true, initializers = '{}', inheritInitializers = true, name = [null], contextLoaderClass = 'org.springframework.boot.test.SpringApplicationContextLoader']
11:21:34.011 [Test worker] DEBUG o.s.t.c.support.ActiveProfilesUtils - Could not find an 'annotation declaring class' for annotation type [org.springframework.test.context.ActiveProfiles] and class [gex.example.HelloResourceSpec]
11:21:34.024 [Test worker] INFO  o.s.t.c.w.WebTestContextBootstrapper - Using TestExecutionListeners: [org.springframework.boot.test.IntegrationTestPropertiesListener@4ec66bb, org.springframework.test.context.support.DependencyInjectionTestExecutionListener@4f547271, org.springframework.test.context.support.DirtiesContextTestExecutionListener@c11bb60, org.springframework.test.context.transaction.TransactionalTestExecutionListener@27b81af8, org.springframework.test.context.jdbc.SqlScriptsTestExecutionListener@4006690a]
11:21:34.227 [Test worker] DEBUG o.s.test.util.ReflectionTestUtils - Getting field [mergedContextConfiguration] from target [[DefaultTestContext@60a7e10f testClass = HelloResourceSpec, testInstance = gex.example.HelloResourceSpec@4803cef8, testMethod = [null], testException = [null], mergedContextConfiguration = [WebMergedContextConfiguration@5ec9625c testClass = HelloResourceSpec, locations = '{}', classes = '{class gex.example.Application}', contextInitializerClasses = '[]', activeProfiles = '{}', propertySourceLocations = '{}', propertySourceProperties = '{}', resourceBasePath = 'src/main/webapp', contextLoader = 'org.springframework.boot.test.SpringApplicationContextLoader', parent = [null]]]]
11:21:34.228 [Test worker] DEBUG o.s.test.util.ReflectionTestUtils - Setting field [propertySourceProperties] of type [null] on target [[WebMergedContextConfiguration@5ec9625c testClass = HelloResourceSpec, locations = '{}', classes = '{class gex.example.Application}', contextInitializerClasses = '[]', activeProfiles = '{}', propertySourceLocations = '{}', propertySourceProperties = '{}', resourceBasePath = 'src/main/webapp', contextLoader = 'org.springframework.boot.test.SpringApplicationContextLoader', parent = [null]]] to value [[Ljava.lang.String;@301f8471]
11:21:34.228 [Test worker] DEBUG o.s.t.c.s.DependencyInjectionTestExecutionListener - Performing dependency injection for test context [[DefaultTestContext@60a7e10f testClass = HelloResourceSpec, testInstance = gex.example.HelloResourceSpec@4803cef8, testMethod = [null], testException = [null], mergedContextConfiguration = [WebMergedContextConfiguration@5ec9625c testClass = HelloResourceSpec, locations = '{}', classes = '{class gex.example.Application}', contextInitializerClasses = '[]', activeProfiles = '{}', propertySourceLocations = '{}', propertySourceProperties = '{org.springframework.boot.test.IntegrationTest=true}', resourceBasePath = 'src/main/webapp', contextLoader = 'org.springframework.boot.test.SpringApplicationContextLoader', parent = [null]]]].
11:21:34.302 [Test worker] DEBUG o.s.core.env.StandardEnvironment - Adding [systemProperties] PropertySource with lowest search precedence
11:21:34.304 [Test worker] DEBUG o.s.core.env.StandardEnvironment - Adding [systemEnvironment] PropertySource with lowest search precedence
11:21:34.304 [Test worker] DEBUG o.s.core.env.StandardEnvironment - Initialized StandardEnvironment with PropertySources [systemProperties,systemEnvironment]
11:21:34.304 [Test worker] DEBUG o.s.core.env.StandardEnvironment - Adding [integrationTest] PropertySource with search precedence immediately lower than [systemEnvironment]
2015-03-04 11:21:34.551  INFO 10650 --- [    Test worker] o.s.boot.SpringApplication               : Starting application on GEX-DT-anallely.local with PID 10650 (/Users/Tsunllly/.gradle/caches/modules-2/files-2.1/org.springframework.boot/spring-boot/1.2.2.RELEASE/c2495d6c08c742743366f50e25ad76f5dfcd9f75/spring-boot-1.2.2.RELEASE.jar started by Tsunllly in /Users/Tsunllly/Documents/Projects/Lazybones/techtalk/client)
2015-03-04 11:21:34.612  INFO 10650 --- [    Test worker] s.c.a.AnnotationConfigApplicationContext : Refreshing org.springframework.context.annotation.AnnotationConfigApplicationContext@37b25543: startup date [Wed Mar 04 11:21:34 CST 2015]; root of context hierarchy
2015-03-04 11:21:34.774  INFO 10650 --- [    Test worker] f.a.AutowiredAnnotationBeanPostProcessor : JSR-330 'javax.inject.Inject' annotation found and supported for autowiring
2015-03-04 11:21:35.027  INFO 10650 --- [    Test worker] o.s.boot.SpringApplication               : Started application in 0.671 seconds (JVM running for 2.035)

  .   ____          _            __ _ _
 /\\ / ___'_ __ _ _(_)_ __  __ _ \ \ \ \
( ( )\___ | '_ | '_| | '_ \/ _` | \ \ \ \
 \\/  ___)| |_)| | | | | || (_| |  ) ) ) )
  '  |____| .__|_| |_|_| |_\__, | / / / /
 =========|_|==============|___/=/_/_/_/
 :: Spring Boot ::        (v1.2.2.RELEASE)

2015-03-04 11:21:35.634  WARN 10650 --- [    Test worker] o.s.web.client.RestTemplate              : GET request for "http://localhost:8888/bootstrap/default/master" resulted in 404 (Not Found); invoking error handler
2015-03-04 11:21:35.636 ERROR 10650 --- [    Test worker] c.c.c.ConfigServicePropertySourceLocator : Could not locate PropertySource: 404 Not Found
2015-03-04 11:21:38.967 DEBUG 10650 --- [    Test worker] o.s.cloud.context.scope.GenericScope     : Generating bean factory id from names: [org.springframework.context.annotation.internalConfigurationAnnotationProcessor, org.springframework.context.annotation.internalAutowiredAnnotationProcessor, org.springframework.context.annotation.internalRequiredAnnotationProcessor, org.springframework.context.annotation.internalCommonAnnotationProcessor, org.springframework.context.annotation.internalPersistenceAnnotationProcessor, application, org.springframework.context.annotation.ConfigurationClassPostProcessor.importAwareProcessor, org.springframework.context.annotation.ConfigurationClassPostProcessor.enhancedConfigurationProcessor, apiConfig, appJerseyConfig, gsonConfig, OAuth2ServerConfiguration.AuthorizationServerConfiguration, OAuth2ServerConfiguration.ResourceServerConfiguration, OAuth2ServerConfiguration, securityConfig, sampleController, pubApiResponse, rostResource, customUserDetailsService, userServiceImpl, xkcdServiceImpl, user, apiResponse, jerseyServletResourcesV1, jerseyServletResourcesV2, buildGson, org.springframework.security.oauth2.config.annotation.web.configuration.AuthorizationServerEndpointsConfiguration$TokenKeyEndpointRegistrar, org.springframework.security.oauth2.config.annotation.web.configuration.AuthorizationServerEndpointsConfiguration, authorizationEndpoint, tokenEndpoint, checkTokenEndpoint, whitelabelApprovalEndpoint, whitelabelErrorEndpoint, oauth2EndpointHandlerMapping, consumerTokenServices, defaultAuthorizationServerTokenServices, org.springframework.security.oauth2.config.annotation.configuration.ClientDetailsServiceConfiguration, clientDetailsServiceConfigurer, scopedTarget.clientDetailsService, clientDetailsService, org.springframework.security.oauth2.config.annotation.web.configuration.AuthorizationServerSecurityConfiguration, tokenServices, tokenStore, org.springframework.security.oauth2.config.annotation.web.configuration.ResourceServerConfiguration, org.springframework.security.config.annotation.authentication.configuration.AuthenticationConfiguration, authenticationManagerBuilder, enableGlobalAuthenticationAutowiredConfigurer, org.springframework.security.config.annotation.web.configuration.WebSecurityConfiguration, delegatingApplicationListener, webSecurityExpressionHandler, springSecurityFilterChain, privilegeEvaluator, autowiredWebSecurityConfigurersIgnoreParents, org.springframework.security.config.annotation.configuration.ObjectPostProcessorConfiguration, objectPostProcessor, passwordEncoder, authenticationManagerBean, org.springframework.boot.autoconfigure.AutoConfigurationPackages, grailsApplication, gex.example.domain.Role, gex.example.domain.RoleDomainClass, gex.example.domain.RoleValidator, gex.example.domain.User, gex.example.domain.UserDomainClass, gex.example.domain.UserValidator, proxyHandler, eventTriggeringInterceptor, hibernateEventListeners, persistenceInterceptor, entityInterceptor, grailsDomainClassMappingContext, hibernateProperties, dialectDetector, sessionFactory, hibernateDatastore, transactionManager, org.grails.gorm.hibernate.internal.GORM_ENHANCER_BEAN-dataSource, org.grails.gorm.hibernate.internal.POST_INIT_BEAN-dataSource, org.grails.internal.gorm.hibernate4.EAGER_INIT_PROCESSOR, org.springframework.cloud.netflix.hystrix.HystrixCircuitBreakerConfiguration$HystrixMetricsPollerConfiguration, org.springframework.cloud.netflix.hystrix.HystrixCircuitBreakerConfiguration$HystrixWebConfiguration, hystrixStreamEndpoint, org.springframework.cloud.netflix.hystrix.HystrixCircuitBreakerConfiguration, hystrixCommandAspect, hystrixShutdownHook, org.springframework.boot.autoconfigure.PropertyPlaceholderAutoConfiguration, org.springframework.boot.autoconfigure.condition.BeanTypeRegistry, propertySourcesPlaceholderConfigurer, org.springframework.boot.autoconfigure.websocket.WebSocketAutoConfiguration$TomcatWebSocketConfiguration, websocketContainerCustomizer, org.springframework.boot.autoconfigure.websocket.WebSocketAutoConfiguration, org.springframework.boot.autoconfigure.web.EmbeddedServletContainerAutoConfiguration$EmbeddedTomcat, tomcatEmbeddedServletContainerFactory, org.springframework.boot.autoconfigure.web.EmbeddedServletContainerAutoConfiguration, embeddedServletContainerCustomizerBeanPostProcessor, org.springframework.boot.autoconfigure.web.DispatcherServletAutoConfiguration$DispatcherServletConfiguration, dispatcherServlet, dispatcherServletRegistration, org.springframework.boot.autoconfigure.web.DispatcherServletAutoConfiguration, org.springframework.boot.autoconfigure.web.ErrorMvcAutoConfiguration$WhitelabelErrorViewConfiguration, error, beanNameViewResolver, org.springframework.boot.autoconfigure.web.ErrorMvcAutoConfiguration, errorAttributes, basicErrorController, org.springframework.boot.autoconfigure.web.WebMvcAutoConfiguration$EnableWebMvcConfiguration, requestMappingHandlerAdapter, requestMappingHandlerMapping, mvcContentNegotiationManager, viewControllerHandlerMapping, beanNameHandlerMapping, resourceHandlerMapping, mvcResourceUrlProvider, defaultServletHandlerMapping, mvcConversionService, mvcValidator, mvcPathMatcher, mvcUrlPathHelper, mvcUriComponentsContributor, httpRequestHandlerAdapter, simpleControllerHandlerAdapter, handlerExceptionResolver, mvcViewResolver, org.springframework.boot.autoconfigure.web.WebMvcAutoConfiguration$WebMvcAutoConfigurationAdapter$FaviconConfiguration, faviconHandlerMapping, faviconRequestHandler, org.springframework.boot.autoconfigure.web.WebMvcAutoConfiguration$WebMvcAutoConfigurationAdapter, defaultViewResolver, requestContextListener, viewResolver, spring.mvc.CONFIGURATION_PROPERTIES, spring.resources.CONFIGURATION_PROPERTIES, org.springframework.boot.context.properties.ConfigurationPropertiesBindingPostProcessor, org.springframework.boot.context.properties.ConfigurationPropertiesBindingPostProcessor.store, org.springframework.boot.autoconfigure.web.WebMvcAutoConfiguration, hiddenHttpMethodFilter, org.springframework.boot.autoconfigure.jta.JtaAutoConfiguration, spring.jta.CONFIGURATION_PROPERTIES, org.springframework.boot.autoconfigure.jdbc.DataSourceAutoConfiguration$JdbcTemplateConfiguration, jdbcTemplate, namedParameterJdbcTemplate, org.springframework.boot.autoconfigure.jdbc.DataSourceAutoConfiguration$NonEmbeddedConfiguration, dataSource, org.springframework.boot.autoconfigure.jdbc.DataSourceAutoConfiguration$DataSourceInitializerConfiguration, dataSourceInitializer, org.springframework.boot.autoconfigure.jdbc.metadata.DataSourcePoolMetadataProvidersConfiguration$TomcatDataSourcePoolMetadataProviderConfiguration, tomcatPoolDataSourceMetadataProvider, org.springframework.boot.autoconfigure.jdbc.metadata.DataSourcePoolMetadataProvidersConfiguration, org.springframework.boot.autoconfigure.jdbc.DataSourceAutoConfiguration, spring.datasource.CONFIGURATION_PROPERTIES, dataSourceInitializerPostProcessor, org.springframework.boot.actuate.autoconfigure.AuditAutoConfiguration$AuditEventRepositoryConfiguration, auditEventRepository, org.springframework.boot.actuate.autoconfigure.AuditAutoConfiguration, auditListener, authenticationAuditListener, authorizationAuditListener, org.springframework.boot.autoconfigure.security.BootGlobalAuthenticationConfiguration, bootGlobalAuthenticationConfigurationAdapter, org.springframework.boot.autoconfigure.security.SecurityAutoConfiguration, authenticationEventPublisher, securityProperties, org.springframework.boot.actuate.autoconfigure.ManagementSecurityAutoConfiguration$ManagementWebSecurityConfigurerAdapter, org.springframework.boot.actuate.autoconfigure.ManagementSecurityAutoConfiguration$ManagementSecurityPropertiesConfiguration, org.springframework.boot.actuate.autoconfigure.ManagementSecurityAutoConfiguration, ignoredPathsWebSecurityConfigurerAdapter, org.springframework.boot.actuate.autoconfigure.MetricRepositoryAutoConfiguration$MetricsChannelConfiguration, metricsChannel, metricsExecutor, primaryMetricWriter, org.springframework.boot.actuate.autoconfigure.MetricRepositoryAutoConfiguration$MetricRepositoryConfiguration, actuatorMetricRepository, org.springframework.boot.actuate.autoconfigure.MetricRepositoryAutoConfiguration, counterService, gaugeService, org.springframework.boot.actuate.autoconfigure.PublicMetricsAutoConfiguration$TomcatMetricsConfiguration, tomcatPublicMetrics, org.springframework.boot.actuate.autoconfigure.PublicMetricsAutoConfiguration$DataSourceMetricsConfiguration, dataSourcePublicMetrics, org.springframework.boot.actuate.autoconfigure.PublicMetricsAutoConfiguration, systemPublicMetrics, metricReaderPublicMetrics, org.springframework.boot.autoconfigure.amqp.RabbitAutoConfiguration$MessagingTemplateConfiguration, rabbitMessagingTemplate, org.springframework.boot.autoconfigure.amqp.RabbitAutoConfiguration$RabbitConnectionFactoryCreator, rabbitConnectionFactory, org.springframework.amqp.rabbit.annotation.RabbitBootstrapConfiguration, org.springframework.amqp.rabbit.config.internalRabbitListenerAnnotationProcessor, org.springframework.amqp.rabbit.config.internalRabbitListenerEndpointRegistry, org.springframework.boot.autoconfigure.amqp.RabbitAnnotationDrivenConfiguration$EnableRabbitConfiguration, org.springframework.boot.autoconfigure.amqp.RabbitAnnotationDrivenConfiguration, rabbitListenerContainerFactory, org.springframework.boot.autoconfigure.amqp.RabbitAutoConfiguration, amqpAdmin, rabbitTemplate, spring.rabbitmq.CONFIGURATION_PROPERTIES, org.springframework.boot.actuate.autoconfigure.HealthIndicatorAutoConfiguration$DiskSpaceHealthIndicatorConfiguration, diskSpaceHealthIndicator, diskSpaceHealthIndicatorProperties, org.springframework.boot.actuate.autoconfigure.HealthIndicatorAutoConfiguration$RabbitHealthIndicatorConfiguration, rabbitHealthIndicator, org.springframework.boot.actuate.autoconfigure.HealthIndicatorAutoConfiguration$DataSourcesHealthIndicatorConfiguration, dbHealthIndicator, org.springframework.boot.actuate.autoconfigure.HealthIndicatorAutoConfiguration, healthAggregator, management.health.status.CONFIGURATION_PROPERTIES, org.springframework.boot.actuate.autoconfigure.EndpointAutoConfiguration$InfoPropertiesConfiguration, org.springframework.boot.actuate.autoconfigure.EndpointAutoConfiguration$RequestMappingEndpointConfiguration, requestMappingEndpoint, org.springframework.boot.actuate.autoconfigure.EndpointAutoConfiguration, environmentEndpoint, healthEndpoint, beansEndpoint, infoEndpoint, metricsEndpoint, traceEndpoint, dumpEndpoint, autoConfigurationAuditEndpoint, shutdownEndpoint, configurationPropertiesReportEndpoint, org.springframework.boot.autoconfigure.web.ServerPropertiesAutoConfiguration, serverProperties, org.springframework.boot.actuate.autoconfigure.ManagementServerPropertiesAutoConfiguration, managementServerProperties, org.springframework.boot.actuate.autoconfigure.EndpointWebMvcAutoConfiguration$ApplicationContextFilterConfiguration, applicationContextIdFilter, org.springframework.boot.actuate.autoconfigure.EndpointWebMvcAutoConfiguration, endpointHandlerMapping, mvcEndpoints, environmentMvcEndpoint, healthMvcEndpoint, metricsMvcEndpoint, shutdownMvcEndpoint, endpoints.health.CONFIGURATION_PROPERTIES, org.springframework.boot.actuate.autoconfigure.MetricFilterAutoConfiguration, metricFilter, org.springframework.boot.actuate.autoconfigure.TraceRepositoryAutoConfiguration, traceRepository, org.springframework.boot.actuate.autoconfigure.TraceWebFilterAutoConfiguration, webRequestLoggingFilter, org.springframework.boot.autoconfigure.aop.AopAutoConfiguration$JdkDynamicAutoProxyConfiguration, org.springframework.aop.config.internalAutoProxyCreator, org.springframework.boot.autoconfigure.aop.AopAutoConfiguration, org.springframework.boot.autoconfigure.dao.PersistenceExceptionTranslationAutoConfiguration, persistenceExceptionTranslationPostProcessor, org.springframework.boot.autoconfigure.gson.GsonAutoConfiguration, org.springframework.boot.autoconfigure.jackson.JacksonAutoConfiguration$JacksonObjectMapperBuilderConfiguration, jacksonObjectMapperBuilder, http.mappers.CONFIGURATION_PROPERTIES, spring.jackson.CONFIGURATION_PROPERTIES, org.springframework.boot.autoconfigure.jackson.JacksonAutoConfiguration$JacksonObjectMapperConfiguration, jacksonObjectMapper, org.springframework.boot.autoconfigure.jackson.JacksonAutoConfiguration, org.springframework.boot.autoconfigure.web.HttpMessageConvertersAutoConfiguration$StringHttpMessageConverterConfiguration, stringHttpMessageConverter, spring.http.encoding.CONFIGURATION_PROPERTIES, org.springframework.boot.autoconfigure.web.JacksonHttpMessageConvertersConfiguration$MappingJackson2HttpMessageConverterConfiguration, mappingJackson2HttpMessageConverter, org.springframework.boot.autoconfigure.web.JacksonHttpMessageConvertersConfiguration, org.springframework.boot.autoconfigure.web.GsonHttpMessageConvertersConfiguration, org.springframework.boot.autoconfigure.web.HttpMessageConvertersAutoConfiguration, messageConverters, org.springframework.boot.autoconfigure.flyway.FlywayAutoConfiguration$FlywayConfiguration, flyway, flyway.CONFIGURATION_PROPERTIES, org.springframework.boot.autoconfigure.flyway.FlywayAutoConfiguration, org.springframework.boot.autoconfigure.groovy.template.GroovyTemplateAutoConfiguration$GroovyWebConfiguration, groovyMarkupViewResolver, org.springframework.boot.autoconfigure.groovy.template.GroovyTemplateAutoConfiguration$GroovyMarkupConfiguration, groovyMarkupConfigurer, org.springframework.boot.autoconfigure.groovy.template.GroovyTemplateAutoConfiguration, spring.groovy.template.CONFIGURATION_PROPERTIES, org.springframework.boot.autoconfigure.integration.IntegrationAutoConfiguration$IntegrationConfiguration, channelInitializer, $autoCreateChannelCandidates, IntegrationConfigurationBeanFactoryPostProcessor, integrationEvaluationContext, org.springframework.integration.expression.IntegrationEvaluationContextAwareBeanPostProcessor#0, integrationGlobalProperties, integrationHeaderChannelRegistry, globalChannelInterceptorProcessor, toStringFriendlyJsonNodeToStringConverter, converterRegistrar, integrationConversionService, DefaultConfiguringBeanFactoryPostProcessor, datatypeChannelMessageConverter, org.springframework.integration.internalMessagingAnnotationPostProcessor, messageBuilderFactory, org.springframework.boot.autoconfigure.integration.IntegrationAutoConfiguration, mbeanServer, org.springframework.transaction.annotation.ProxyTransactionManagementConfiguration, org.springframework.transaction.config.internalTransactionAdvisor, transactionAttributeSource, transactionInterceptor, org.springframework.boot.autoconfigure.jdbc.DataSourceTransactionManagerAutoConfiguration$TransactionManagementConfiguration, org.springframework.boot.autoconfigure.jdbc.DataSourceTransactionManagerAutoConfiguration, org.springframework.boot.autoconfigure.web.HttpEncodingAutoConfiguration, characterEncodingFilter, org.springframework.boot.autoconfigure.web.MultipartAutoConfiguration, multipartConfigElement, multipartResolver, multipart.CONFIGURATION_PROPERTIES, org.springframework.cloud.autoconfigure.ConfigClientAutoConfiguration$ConfigServerHealthIndicatorConfiguration, configServerHealthIndicator, org.springframework.cloud.autoconfigure.ConfigClientAutoConfiguration, configClientProperties, org.springframework.cloud.autoconfigure.RefreshAutoConfiguration$RefreshEndpointsConfiguration$RefreshEndpointConfiguration, refreshEndpoint, org.springframework.cloud.autoconfigure.RefreshAutoConfiguration$RefreshEndpointsConfiguration$RestartEndpointWithoutIntegration, restartEndpoint, org.springframework.cloud.autoconfigure.RefreshAutoConfiguration$RefreshEndpointsConfiguration, pauseEndpoint, resumeEndpoint, org.springframework.cloud.autoconfigure.RefreshAutoConfiguration$ConfigurationPropertiesRebinderConfiguration, configurationPropertiesRebinder, org.springframework.cloud.autoconfigure.RefreshAutoConfiguration$InfoEndpointRebinderConfiguration, org.springframework.cloud.autoconfigure.RefreshAutoConfiguration, refreshScope, loggingRebinder, environmentManager, org.springframework.cloud.autoconfigure.LifecycleMvcEndpointAutoConfiguration, environmentManagerEndpoint, refreshMvcEndpoint, restartMvcEndpoint, pauseMvcEndpoint, resumeMvcEndpoint, org.springframework.cloud.client.discovery.noop.NoopDiscoveryClientAutoConfiguration, discoveryClient, org.springframework.cloud.netflix.archaius.ArchaiusAutoConfiguration$ArchaiusEndpointConfuguration, archaiusEndpoint, org.springframework.cloud.netflix.archaius.ArchaiusAutoConfiguration$PropagateEventsConfiguration, org.springframework.cloud.netflix.archaius.ArchaiusAutoConfiguration, configurableEnvironmentConfiguration, org.springframework.cloud.netflix.hystrix.HystrixAutoConfiguration, hystrixHealthIndicator, org.springframework.scheduling.annotation.SchedulingConfiguration, org.springframework.context.annotation.internalScheduledAnnotationProcessor, org.springframework.cloud.netflix.hystrix.amqp.HystrixStreamAutoConfiguration, hystrixStreamAmqpProperties, hystrixStreamTask, hystrixStream, hystrixStreamExchange, hystrixStreamOutboundFlow, hystrixStreamChannel, org.springframework.integration.dsl.config.IntegrationFlowBeanPostProcessor, integrationRequestMappingHandlerMapping, nullChannel, errorChannel, _org.springframework.integration.errorLogger, taskScheduler, org.springframework.integration.config.IdGeneratorConfigurer#0]
2015-03-04 11:21:38.972  INFO 10650 --- [    Test worker] o.s.cloud.context.scope.GenericScope     : BeanFactory id=d9544a22-c5f1-3e82-8992-12ec139e9626
2015-03-04 11:21:40.049  INFO 10650 --- [    Test worker] s.b.c.e.t.TomcatEmbeddedServletContainer : Tomcat initialized with port(s): 9191 (http)
2015-03-04 11:21:42.173  WARN 10650 --- [ost-startStop-1] c.n.c.sources.URLConfigurationSource     : No URLs will be polled as dynamic configuration sources.
2015-03-04 11:21:42.173  INFO 10650 --- [ost-startStop-1] c.n.c.sources.URLConfigurationSource     : To enable URLs as dynamic configuration sources, define System property archaius.configurationSource.additionalUrls or make config.properties available on classpath.
2015-03-04 11:21:42.177  INFO 10650 --- [ost-startStop-1] c.netflix.config.DynamicPropertyFactory  : DynamicPropertyFactory is initialized with configuration sources: com.netflix.config.ConcurrentCompositeConfiguration@5db3f859
2015-03-04 11:21:42.525 DEBUG 10650 --- [ost-startStop-1] o.s.c.c.c.ConfigServerHealthIndicator$1  : Initialized  with PropertySources []
2015-03-04 11:21:45.659  WARN 10650 --- [    Test worker] org.hibernate.cfg.SettingsFactory        : Unrecognized value for "hibernate.hbm2ddl.auto": none
2015-03-04 11:21:48.459  WARN 10650 --- [    Test worker] c.n.c.sources.URLConfigurationSource     : No URLs will be polled as dynamic configuration sources.
2015-03-04 11:21:48.460  INFO 10650 --- [    Test worker] c.n.c.sources.URLConfigurationSource     : To enable URLs as dynamic configuration sources, define System property archaius.configurationSource.additionalUrls or make config.properties available on classpath.
2015-03-04 11:21:48.722  INFO 10650 --- [    Test worker] s.b.c.e.t.TomcatEmbeddedServletContainer : Tomcat initialized with port(s): 9192 (http)
2015-03-04 11:21:48.879  INFO 10650 --- [    Test worker] s.b.c.e.t.TomcatEmbeddedServletContainer : Tomcat started on port(s): 9192 (http)
2015-03-04 11:21:48.889  INFO 10650 --- [    Test worker] c.n.h.c.m.e.HystrixMetricsPoller         : Starting HystrixMetricsPoller
2015-03-04 11:21:48.908  INFO 10650 --- [    Test worker] ration$HystrixMetricsPollerConfiguration : Starting poller
2015-03-04 11:21:48.926  INFO 10650 --- [    Test worker] s.b.c.e.t.TomcatEmbeddedServletContainer : Tomcat started on port(s): 9191 (http)
Hibernate: 
    select
        this_.id as id1_0_0_,
        this_.version as version2_0_0_,
        this_.date_created as date_cre3_0_0_,
        this_.email as email4_0_0_,
        this_.last_updated as last_upd5_0_0_,
        this_.password as password6_0_0_,
        this_.username as username7_0_0_ 
    from
        person this_ 
    where
        this_.username=? limit ?
Hibernate: 
    select
        roles0_.user_roles_id as user_rol1_0_0_,
        roles0_.role_id as role_id2_1_0_,
        role1_.id as id1_2_1_,
        role1_.version as version2_2_1_,
        role1_.active as active3_2_1_,
        role1_.date_created as date_cre4_2_1_,
        role1_.description as descript5_2_1_,
        role1_.last_updated as last_upd6_2_1_,
        role1_.name as name7_2_1_ 
    from
        person_role roles0_ 
    inner join
        role role1_ 
            on roles0_.role_id=role1_.id 
    where
        roles0_.user_roles_id=?
]]></system-out>
  <system-err><![CDATA[]]></system-err>
</testsuite>
